<?xml version="1.0" encoding="UTF-8"?>
<!-- Generated by org.testng.reporters.JUnitReportReporter -->
<testsuite skipped="0" hostname="INDHYDEWS058" name="com.framework.testcases.ResetPasswordPage" tests="1" failures="0" timestamp="14 Feb 2019 07:08:18 GMT" time="1.514" errors="0">
  <testcase name="resetPassword" time="1.514" classname="com.framework.testcases.ResetPasswordPage"/>
</testsuite> <!-- com.framework.testcases.ResetPasswordPage -->
