<?xml version="1.0" encoding="UTF-8"?>
<!-- Generated by org.testng.reporters.JUnitReportReporter -->
<testsuite skipped="0" hostname="INDHYDEWS058" name="com.framework.rough.TestProperties" tests="2" failures="0" timestamp="18 Feb 2019 09:06:49 GMT" time="0.006" errors="0">
  <testcase name="getF" time="0.005" classname="com.framework.rough.TestProperties"/>
  <testcase name="getF" time="0.001" classname="com.framework.rough.TestProperties"/>
</testsuite> <!-- com.framework.rough.TestProperties -->
