<?xml version="1.0" encoding="UTF-8"?>
<!-- Generated by org.testng.reporters.JUnitReportReporter -->
<testsuite skipped="0" hostname="INDHYDEWS058" name="com.framework.testcases.MinervaLoginPage" tests="1" failures="0" timestamp="18 Feb 2019 06:28:53 GMT" time="4.411" errors="0">
  <testcase name="login" time="4.411" classname="com.framework.testcases.MinervaLoginPage"/>
</testsuite> <!-- com.framework.testcases.MinervaLoginPage -->
