<?xml version="1.0" encoding="UTF-8"?>
<!-- Generated by org.testng.reporters.JUnitReportReporter -->
<testsuite skipped="0" hostname="INDHYDEWS058" name="com.framework.testcases.MinervaHomePage" tests="1" failures="0" timestamp="18 Feb 2019 06:45:54 GMT" time="1.920" errors="0">
  <testcase name="homePage" time="1.920" classname="com.framework.testcases.MinervaHomePage"/>
</testsuite> <!-- com.framework.testcases.MinervaHomePage -->
